     1                                      BOOT_LOAD   equ     0x7C00          ; ブートプログラムのロード位置
     2                                  
     3                                      ORG     BOOT_LOAD                   ; ロードアクセスをアセンブラに指示
     4                                  
     5                                  ;********************************************
     6                                  ; マクロ
     7                                  ;********************************************
     8                                  %include    "../include/macro.s"
     1                              <1> %macro  cdecl 1-*.nolist
     2                              <1> 
     3                              <1>     %rep %0 - 1
     4                              <1>         push    %{-1:-1}
     5                              <1>         %rotate -1
     6                              <1>     %endrep
     7                              <1>     %rotate -1
     8                              <1> 
     9                              <1>         call    %1
    10                              <1> 
    11                              <1>     %if 1 < %0
    12                              <1>         add     sp, (__BITS__ >> 3) * (%0 - 1)
    13                              <1>     %endif
    14                              <1> 
    15                              <1> %endmacro
     9                                  
    10                                  ;********************************************
    11                                  ; エントリポイント
    12                                  ;********************************************
    13                                  entry:
    14                                  
    15                                          ;-----------------------------------
    16                                          ; BPB(BIOS Parameter Block)
    17                                          ;-----------------------------------
    18 00000000 EB58                            jmp     ipl                         ; IPLへジャンプ
    19 00000002 90<rept>                        times   90 - ($ - $$) db 0x90       ;
    20                                  
    21                                          ;-----------------------------------
    22                                          ; IPL(Initial Program Loader)
    23                                          ;-----------------------------------
    24                                  ipl:
    25 0000005A FA                              cli                                 ; // 割り込み禁止
    26                                  
    27 0000005B B80000                          mov     ax, 0x0000                  ; AX = 0x0000;
    28 0000005E 8ED8                            mov     ds, ax                      ; DS = 0x0000;
    29 00000060 8EC0                            mov     es, ax                      ; ES = 0x0000;
    30 00000062 8ED0                            mov     ss, ax                      ; SS = 0x0000;
    31 00000064 BC007C                          mov     sp, BOOT_LOAD               ; SP = 0x7C00;
    32                                  
    33 00000067 FB                              sti                                 ; // 割り込み許可
    34                                  
    35 00000068 8816[B800]                      mov     [BOOT.DRIVE], dl            ; ブートドライブを保存
    36                                  
    37                                          ;-----------------------------------
    38                                          ; 文字列を表示
    39                                          ;-----------------------------------
    40 0000006C 68[9800]E8480083C4-             cdecl   puts, .s0                   ; puts(.s0);
    40 00000074 02                 
    41                                  
    42                                          ;-----------------------------------
    43                                          ; 次の512バイトを読み込む
    44                                          ;-----------------------------------
    45 00000075 B402                            mov     ah, 0x02                    ; AH = 読み込み命令
    46 00000077 B001                            mov     al, 1                       ; AL = 読み込みセクタ数
    47 00000079 B90200                          mov     cx, 0x0002                  ; CX = シリンダ/セクタ
    48 0000007C B600                            mov     dh, 0x00                    ; DH = ヘッド位置
    49 0000007E 8A16[B800]                      mov     dl, [BOOT.DRIVE]            ; DL = ドライブ番号
    50 00000082 BB007E                          mov     bx, 0x7C00 + 512            ; BX = オフセット
    51 00000085 CD13                            int     0x13                        ; if (CF = BOIS(0x13, 0x02))
    52 00000087 730C                    .10Q:   jnc     .10E                        ; {
    53 00000089 68[A500]E82B0083C4-     .10T:   cdecl   puts, .e0                   ;   puts(.e0);
    53 00000091 02                 
    54 00000092 E84400                          call    reboot                      ;   reboot(); // 再起動
    55                                  .10E:                                       ; }
    56                                  
    57                                          ;-----------------------------------
    58                                          ; 次のステージへ移行
    59                                          ;-----------------------------------
    60 00000095 E96801                          jmp     stage_2                     ; ブート処理の第2ステージ
    61                                  
    62                                          ;-----------------------------------
    63                                          ; データ
    64                                          ;-----------------------------------
    65 00000098 426F6F74696E672E2E-     .s0     db  "Booting...", 0x0A, 0x0D, 0
    65 000000A1 2E0A0D00           
    66 000000A5 4572726F723A736563-     .e0     db  "Error:sector read", 0
    66 000000AE 746F72207265616400 
    67                                  
    68 000000B7 00                          ALIGN 2, db 0
    69                                      BOOT:                                   ; ブートドライブに関する情報
    70 000000B8 0000                        .DRIVE      dw  0                       ; ドライブ番号
    71                                  
    72                                  ;********************************************
    73                                  ; モジュール
    74                                  ;********************************************
    75                                  %include    "../modules/real/puts.s"
     1                              <1> puts:
     2                              <1>         ;-------------------------------
     3                              <1>         ;【スタックフレームの構築】
     4                              <1>         ;-------------------------------
     5                              <1>                                         ;   + 4| 出力文字
     6                              <1>                                         ;   + 2| IP(戻り番地)
     7 000000BA 55                  <1>         push    bp                      ; BP+ 0| BP(元の値)
     8 000000BB 89E5                <1>         mov     bp, sp                  ;------+---------
     9                              <1> 
    10                              <1>         ;-------------------------------
    11                              <1>         ;【レジスタの保存】
    12                              <1>         ;-------------------------------
    13 000000BD 50                  <1>         push    ax
    14 000000BE 53                  <1>         push    bx
    15 000000BF 56                  <1>         push    si
    16                              <1> 
    17                              <1>         ;-------------------------------
    18                              <1>         ; 引数を取得
    19                              <1>         ;-------------------------------
    20 000000C0 8B7604              <1>         mov     si, [bp + 4]            ; SI = 文字列へのアドレス;
    21                              <1>         
    22                              <1>         ;-------------------------------
    23                              <1>         ;【処理の開始】
    24                              <1>         ;-------------------------------
    25 000000C3 B40E                <1>         mov     ah, 0x0E                ; // テレタイプ式1文字出力
    26 000000C5 BB0000              <1>         mov     bx, 0x0000              ; // ページ番号と文字色を0に設定
    27 000000C8 FC                  <1>         cld                             ; DF = 0; // アドレス加算
    28                              <1> .10L:                                   ; do
    29                              <1>                                         ; {
    30 000000C9 AC                  <1>         lodsb                           ;   AL = *SI++;
    31                              <1>                                         ;
    32 000000CA 3C00                <1>         cmp     al, 0                   ;   if (0 == AI)
    33 000000CC 7404                <1>         je      .10E                    ;       break;
    34                              <1>                                         ;
    35 000000CE CD10                <1>         int     0x10                    ;   Int10(0x0E, AL); // 文字出力
    36 000000D0 EBF7                <1>         jmp     .10L                    ;
    37                              <1> .10E:                                   ; } while(1);        
    38                              <1>         
    39                              <1>         ;-------------------------------
    40                              <1>         ;【レジスタの復帰】
    41                              <1>         ;-------------------------------
    42 000000D2 5E                  <1>         pop     si
    43 000000D3 5B                  <1>         pop     bx
    44 000000D4 58                  <1>         pop     ax
    45                              <1> 
    46                              <1>         ;-------------------------------
    47                              <1>         ;【スタックフレームの破棄】
    48                              <1>         ;-------------------------------
    49 000000D5 89EC                <1>         mov     sp, bp
    50 000000D7 5D                  <1>         pop     bp
    51                              <1>         
    52 000000D8 C3                  <1>         ret
    76                                  %include    "../modules/real/reboot.s"
     1                              <1> reboot:
     2                              <1>         ;-------------------------------
     3                              <1>         ; メッセージを表示
     4                              <1>         ;-------------------------------
     5 000000D9 68[F500]E8DBFF83C4- <1>         cdecl   puts, .s0
     5 000000E1 02                  <1>
     6                              <1> 
     7                              <1>         ;-------------------------------
     8                              <1>         ; キー入力待ち
     9                              <1>         ;-------------------------------
    10                              <1> .10L:                                   ; do
    11                              <1>                                         ; {
    12 000000E2 B410                <1>         mov     ah, 0x10                ;   // キー入力待ち
    13 000000E4 CD16                <1>         int     0x016                   ;   AL = BIOS(0x16, 0x10);
    14                              <1>                                         ;
    15 000000E6 3C20                <1>         cmp     al, ' '                 ;   ZF = AL == ' ';
    16 000000E8 75F8                <1>         jne     .10L                    ; } while (!ZF);
    17                              <1> 
    18                              <1>         ;-------------------------------
    19                              <1>         ; 改行を出力
    20                              <1>         ;-------------------------------
    21 000000EA 68[1301]E8CAFF83C4- <1>         cdecl   puts, .s1               ; 改行
    21 000000F2 02                  <1>
    22                              <1>         
    23                              <1>         ;-------------------------------
    24                              <1>         ; 再起動
    25                              <1>         ;-------------------------------
    26 000000F3 CD19                <1>         int     0x19                    ; BIOS(0x19);   // reboot()     
    27                              <1>         
    28                              <1>         ;-------------------------------
    29                              <1>         ; 文字列データ
    30                              <1>         ;-------------------------------
    31 000000F5 0A0D50757368205350- <1> .s0     db  0x0A, 0x0D, "Push SPACE key to reboot...", 0
    31 000000FE 414345206B65792074- <1>
    31 00000107 6F207265626F6F742E- <1>
    31 00000110 2E2E00              <1>
    32 00000113 0A0D0A0D00          <1> .s1     db  0x0A, 0x0D, 0x0A, 0x0D, 0
    33                              <1>         
    77                                  
    78                                  ;********************************************
    79                                  ; ブートフラグ(先頭512バイトの終了)
    80                                  ;********************************************
    81 00000118 00<rept>                    times   510 - ($ - $$) db 0x00
    82 000001FE 55AA                        db  0x55, 0xAA
    83                                  
    84                                  ;********************************************
    85                                  ; ブート処理の第2ステージ
    86                                  ;********************************************
    87                                  stage_2:
    88                                          ;-----------------------------------
    89                                          ; 文字列を表示
    90                                          ;-----------------------------------
    91 00000200 68[0B02]E8B4FE83C4-             cdecl   puts,   .s0                 ; puts(.s0);
    91 00000208 02                 
    92                                  
    93                                          ;-----------------------------------
    94                                          ; 処理の終了
    95                                          ;-----------------------------------
    96 00000209 EBFE                            jmp     $                           ; while (1) // 無限ループ
    97                                  
    98                                          ;-----------------------------------
    99                                          ; データ
   100                                          ;-----------------------------------
   101 0000020B 326E64207374616765-     .s0     db  "2nd stage...", 0x0A, 0x0D, 0
   101 00000214 2E2E2E0A0D00       
   102                                  
   103                                  ;********************************************
   104                                  ; バディング(このファイルは8Kバイトとする)
   105                                  ;********************************************
   106 0000021A 00<rept>                        times (1024 * 8) - ($ - $$)     db  0   ; 8Kバイト
